{
  "RSpec": {
    "coverage": {
      "/Users/faraaz/Developer/LivingSocial/data-engineering/data-importer/app/helpers/application_helper.rb": [
        1,
        null
      ],
      "/Users/faraaz/Developer/LivingSocial/data-engineering/data-importer/app/helpers/sessions_helper.rb": [
        1,
        1,
        1,
        1,
        1,
        null,
        null,
        1,
        2,
        null,
        null,
        1,
        1,
        null,
        null,
        1,
        2,
        null,
        null,
        1,
        0,
        0,
        null,
        null
      ],
      "/Users/faraaz/Developer/LivingSocial/data-engineering/data-importer/app/controllers/sessions_controller.rb": [
        1,
        null,
        null,
        null,
        1,
        null,
        null,
        null,
        1,
        1,
        null,
        null,
        1,
        1,
        1,
        1,
        1,
        1,
        null,
        0,
        null,
        null,
        null,
        null,
        1,
        0,
        0,
        null,
        null
      ],
      "/Users/faraaz/Developer/LivingSocial/data-engineering/data-importer/app/controllers/application_controller.rb": [
        1,
        1,
        1,
        1,
        null,
        1,
        1,
        2,
        null,
        null
      ],
      "/Users/faraaz/Developer/LivingSocial/data-engineering/data-importer/app/models/data_import.rb": [
        1,
        1,
        1,
        null,
        null,
        null,
        null,
        null,
        null,
        1,
        1,
        1,
        1,
        1,
        1,
        1,
        1,
        4,
        null,
        1,
        null,
        1,
        1,
        1,
        1,
        1,
        null,
        null,
        1,
        4,
        4,
        4,
        4,
        12,
        12,
        null,
        null,
        null,
        1,
        1,
        null,
        null,
        1,
        4,
        null,
        null,
        null,
        null,
        1,
        null,
        4,
        null,
        null,
        1,
        null,
        null,
        4,
        4,
        4,
        null,
        null,
        1,
        null,
        4,
        4,
        4,
        null,
        null,
        null,
        null,
        null
      ],
      "/Users/faraaz/Developer/LivingSocial/data-engineering/data-importer/app/models/item.rb": [
        1,
        null,
        null,
        null,
        null,
        null,
        null,
        1,
        null
      ],
      "/Users/faraaz/Developer/LivingSocial/data-engineering/data-importer/app/models/merchant.rb": [
        1,
        null,
        null,
        null,
        null,
        null,
        null,
        1,
        null,
        null
      ],
      "/Users/faraaz/Developer/LivingSocial/data-engineering/data-importer/app/models/purchase.rb": [
        1,
        null,
        null,
        null,
        null,
        null,
        null,
        null,
        null,
        1,
        1,
        1,
        null,
        null
      ],
      "/Users/faraaz/Developer/LivingSocial/data-engineering/data-importer/app/models/purchaser.rb": [
        1,
        null,
        null,
        null,
        null,
        null,
        null,
        1,
        null
      ],
      "/Users/faraaz/Developer/LivingSocial/data-engineering/data-importer/app/models/user.rb": [
        1,
        null,
        null,
        null,
        null,
        null,
        null,
        null,
        1,
        null,
        1,
        null,
        1,
        1,
        4,
        4,
        4,
        null,
        null,
        null,
        null
      ]
    },
    "timestamp": 1390040101
  }
}
